<?xml version="1.0" encoding="UTF-8"?>
<!-- Generated by org.testng.reporters.JUnitReportReporter -->
<testsuite hostname="DESKTOP-7F44H94" failures="0" tests="2" name="com.test.Error_Validation_HashMap_Json" time="63.157" errors="0" timestamp="16 Feb 2025 14:14:43 GMT" skipped="0">
  <testcase classname="com.test.Error_Validation_HashMap_Json" name="submitOrderTest" time="28.881"/>
  <testcase classname="com.test.Error_Validation_HashMap_Json" name="submitOrderTest" time="34.276"/>
</testsuite> <!-- com.test.Error_Validation_HashMap_Json -->
