<?xml version="1.0" encoding="UTF-8"?>
<!-- Generated by org.testng.reporters.JUnitReportReporter -->
<testsuite hostname="DESKTOP-7F44H94" failures="0" tests="1" name="com.test.SubmitOrderTest" time="13.907" errors="0" timestamp="2025-03-19T06:10:58 IST" skipped="0">
  <testcase classname="com.test.SubmitOrderTest" name="submitOrderTest" time="13.907"/>
  <system-out/>
</testsuite> <!-- com.test.SubmitOrderTest -->
