<?xml version="1.0" encoding="UTF-8"?>
<!-- Generated by org.testng.reporters.JUnitReportReporter -->
<testsuite hostname="DESKTOP-7F44H94" failures="0" tests="1" name="com.test.SubmitOrderTest" time="11.984" errors="0" timestamp="14 Feb 2025 17:21:59 GMT" skipped="0">
  <testcase classname="com.test.SubmitOrderTest" name="submitOrderTest" time="11.984"/>
</testsuite> <!-- com.test.SubmitOrderTest -->
