<?xml version="1.0" encoding="UTF-8"?>
<!-- Generated by org.testng.reporters.JUnitReportReporter -->
<testsuite hostname="DESKTOP-7F44H94" failures="0" tests="1" name="com.test.SubmitOrderTest_Browser" time="14.056" errors="0" timestamp="2025-03-19T06:15:29 IST" skipped="0">
  <testcase classname="com.test.SubmitOrderTest_Browser" name="submitOrderTest" time="14.056"/>
  <system-out/>
</testsuite> <!-- com.test.SubmitOrderTest_Browser -->
