<?xml version="1.0" encoding="UTF-8"?>
<!-- Generated by org.testng.reporters.JUnitReportReporter -->
<testsuite hostname="DESKTOP-7F44H94" failures="0" tests="1" name="com.test.SubmitOrderTest_Browser" time="18.201" errors="0" timestamp="2025-03-07T00:12:38 IST" skipped="0">
  <testcase classname="com.test.SubmitOrderTest_Browser" name="submitOrderTest" time="18.201"/>
  <system-out/>
</testsuite> <!-- com.test.SubmitOrderTest_Browser -->
