<?xml version="1.0" encoding="UTF-8"?>
<!-- Generated by org.testng.reporters.JUnitReportReporter -->
<testsuite hostname="DESKTOP-7F44H94" failures="0" tests="2" name="com.test.SubmitOrderTest_Orderverifty" time="64.850" errors="0" timestamp="15 Feb 2025 15:06:29 GMT" skipped="0">
  <testcase classname="com.test.SubmitOrderTest_Orderverifty" name="order_display" time="28.215"/>
  <testcase classname="com.test.SubmitOrderTest_Orderverifty" name="submitOrderTest" time="36.635"/>
</testsuite> <!-- com.test.SubmitOrderTest_Orderverifty -->
