<?xml version="1.0" encoding="UTF-8"?>
<!-- Generated by org.testng.reporters.JUnitReportReporter -->
<testsuite hostname="DESKTOP-7F44H94" failures="0" tests="1" name="com.test.LoginError_Validation" time="30.419" errors="0" timestamp="15 Feb 2025 13:47:27 GMT" skipped="0">
  <testcase classname="com.test.LoginError_Validation" name="login_error" time="30.419"/>
</testsuite> <!-- com.test.LoginError_Validation -->
