<?xml version="1.0" encoding="UTF-8"?>
<!-- Generated by org.testng.reporters.JUnitReportReporter -->
<testsuite hostname="DESKTOP-7F44H94" failures="0" tests="2" name="com.test.Error_Validation_Parameters" time="106.865" errors="0" timestamp="15 Feb 2025 17:04:19 GMT" skipped="0">
  <testcase classname="com.test.Error_Validation_Parameters" name="submitOrderTest" time="72.497"/>
  <testcase classname="com.test.Error_Validation_Parameters" name="submitOrderTest" time="34.368"/>
</testsuite> <!-- com.test.Error_Validation_Parameters -->
