<?xml version="1.0" encoding="UTF-8"?>
<!-- Generated by org.testng.reporters.JUnitReportReporter -->
<testsuite hostname="DESKTOP-7F44H94" failures="0" tests="1" name="com.cucumber_runner.SubmitOrder_Runner" time="29.814" errors="0" timestamp="2025-02-24T23:02:35 IST" skipped="0">
  <testcase classname="com.cucumber_runner.SubmitOrder_Runner" name="runScenario" time="29.814"/>
  <system-out/>
</testsuite> <!-- com.cucumber_runner.SubmitOrder_Runner -->
